2021-06-27 13:31:57.751527	[ERROR]	[MAIN]	[pid:0]	Platine Application Error: An error has occurred. Sorry for the temporary inconvenience., InvalidArgumentException(code:0) Path [tmp] does not exists at D:\wamp\www\platine-php\vendor\platine-php\stdlib\src\Helper\Path.php line 112
2021-06-27 13:33:34.993410	[ERROR]	[MAIN]	[pid:0]	404 Not found: The requested resource could not be found. Please verify the URI and try again, Platine\Framework\Http\Exception\HttpNotFoundException(code:404) Not found at D:\wamp\www\platine-php\packages\framework\src\Kernel\HttpKernel.php line 162
2021-06-27 13:33:47.143425	[ERROR]	[MAIN]	[pid:0]	404 Not found: The requested resource could not be found. Please verify the URI and try again, Platine\Framework\Http\Exception\HttpNotFoundException(code:404) Not found at D:\wamp\www\platine-php\packages\framework\src\Kernel\HttpKernel.php line 162
2021-06-27 13:34:29.009082	[ERROR]	[MAIN]	[pid:0]	404 Not found: The requested resource could not be found. Please verify the URI and try again, Platine\Framework\Http\Exception\HttpNotFoundException(code:404) Not found at D:\wamp\www\platine-php\packages\framework\src\Kernel\HttpKernel.php line 162
2021-06-27 13:35:37.226114	[ERROR]	[MAIN]	[pid:0]	404 Not found: The requested resource could not be found. Please verify the URI and try again, Platine\Framework\Http\Exception\HttpNotFoundException(code:404) Not found at D:\wamp\www\platine-php\packages\framework\src\Kernel\HttpKernel.php line 162
2021-06-27 13:36:43.703741	[ERROR]	[MAIN]	[pid:0]	404 Not found: The requested resource could not be found. Please verify the URI and try again, Platine\Framework\Http\Exception\HttpNotFoundException(code:404) Not found at D:\wamp\www\platine-php\packages\framework\src\Kernel\HttpKernel.php line 162
2021-06-27 13:37:28.865847	[ERROR]	[MAIN]	[pid:0]	404 Not found: The requested resource could not be found. Please verify the URI and try again, Platine\Framework\Http\Exception\HttpNotFoundException(code:404) Not found at D:\wamp\www\platine-php\packages\framework\src\Kernel\HttpKernel.php line 162
2021-06-27 13:37:34.033671	[ERROR]	[MAIN]	[pid:0]	Platine Application Error: An error has occurred. Sorry for the temporary inconvenience., ArgumentCountError(code:0) Too few arguments to function Platine\Framework\Demo\Action\HomeAction::__construct(), 0 passed in D:\wamp\www\platine-php\vendor\platine-php\request-handler\src\MiddlewareResolver.php on line 207 and exactly 8 expected at D:\wamp\www\platine-php\packages\framework\src\Demo\Action\HomeAction.php line 35
2021-06-27 14:33:26.686449	[ERROR]	[MAIN]	[pid:0]	Platine Application Error: An error has occurred. Sorry for the temporary inconvenience., ArgumentCountError(code:0) Too few arguments to function Platine\Framework\Demo\Action\HomeAction::__construct(), 0 passed in D:\wamp\www\platine-php\vendor\platine-php\request-handler\src\MiddlewareResolver.php on line 207 and exactly 8 expected at D:\wamp\www\platine-php\packages\framework\src\Demo\Action\HomeAction.php line 35
2021-06-27 18:47:36.558356	[ERROR]	[MAIN]	[pid:0]	404 Not found: The requested resource could not be found. Please verify the URI and try again, Platine\Framework\Http\Exception\HttpNotFoundException(code:404) Not found at D:\wamp\www\platine-php\packages\framework\src\Kernel\HttpKernel.php line 162
2021-06-27 18:47:54.323064	[ERROR]	[MAIN]	[pid:0]	404 Not found: The requested resource could not be found. Please verify the URI and try again, Platine\Framework\Http\Exception\HttpNotFoundException(code:404) Not found at D:\wamp\www\platine-php\packages\framework\src\Kernel\HttpKernel.php line 162
2021-06-27 18:48:06.515614	[ERROR]	[MAIN]	[pid:0]	404 Not found: The requested resource could not be found. Please verify the URI and try again, Platine\Framework\Http\Exception\HttpNotFoundException(code:404) Not found at D:\wamp\www\platine-php\packages\framework\src\Kernel\HttpKernel.php line 162
2021-06-27 18:48:12.146215	[ERROR]	[MAIN]	[pid:0]	404 Not found: The requested resource could not be found. Please verify the URI and try again, Platine\Framework\Http\Exception\HttpNotFoundException(code:404) Not found at D:\wamp\www\platine-php\packages\framework\src\Kernel\HttpKernel.php line 162
2021-06-27 18:48:41.476364	[ERROR]	[MAIN]	[pid:0]	404 Not found: The requested resource could not be found. Please verify the URI and try again, Platine\Framework\Http\Exception\HttpNotFoundException(code:404) Not found at D:\wamp\www\platine-php\packages\framework\src\Kernel\HttpKernel.php line 162
2021-06-27 18:48:45.135343	[ERROR]	[MAIN]	[pid:0]	404 Not found: The requested resource could not be found. Please verify the URI and try again, Platine\Framework\Http\Exception\HttpNotFoundException(code:404) Not found at D:\wamp\www\platine-php\packages\framework\src\Kernel\HttpKernel.php line 162
2021-06-27 18:48:49.114989	[ERROR]	[MAIN]	[pid:0]	Platine Application Error: An error has occurred. Sorry for the temporary inconvenience., ArgumentCountError(code:0) Too few arguments to function Platine\Framework\Demo\Action\HomeAction::__construct(), 0 passed in D:\wamp\www\platine-php\vendor\platine-php\request-handler\src\MiddlewareResolver.php on line 207 and exactly 8 expected at D:\wamp\www\platine-php\packages\framework\src\Demo\Action\HomeAction.php line 35
2021-06-27 18:53:12.428973	[ERROR]	[MAIN]	[pid:0]	Platine Application Error: An error has occurred. Sorry for the temporary inconvenience., ArgumentCountError(code:0) Too few arguments to function Platine\Framework\Demo\Action\HomeAction::__construct(), 0 passed in D:\wamp\www\platine-php\vendor\platine-php\request-handler\src\MiddlewareResolver.php on line 207 and exactly 8 expected at D:\wamp\www\platine-php\packages\framework\src\Demo\Action\HomeAction.php line 37
2021-06-27 18:55:13.911408	[ERROR]	[MAIN]	[pid:0]	Platine Application Error: An error has occurred. Sorry for the temporary inconvenience., ArgumentCountError(code:0) Too few arguments to function Platine\Framework\Demo\Action\HomeAction::__construct(), 0 passed in D:\wamp\www\platine-php\vendor\platine-php\request-handler\src\MiddlewareResolver.php on line 207 and exactly 8 expected at D:\wamp\www\platine-php\packages\framework\src\Demo\Action\HomeAction.php line 37
2021-06-27 18:57:19.938860	[INFO]	[MAIN]	[pid:0]	User not yet login
2021-06-27 18:57:42.082940	[INFO]	[Platine\Database\Connection]	[pid:0]	Execute Query: ["SELECT * FROM `users` WHERE `lname` = ?"], parameters: ["TNH"], time: ["0.002049"]
2021-06-27 19:05:05.366165	[INFO]	[Platine\Database\Connection]	[pid:0]	Execute Query: ["SELECT * FROM `users` WHERE `lname` = ?"], parameters: ["TNH"], time: ["0.000927"]
2021-06-27 19:05:16.761201	[INFO]	[Platine\Database\Connection]	[pid:0]	Execute Query: ["SELECT * FROM `users` WHERE `lname` = ?"], parameters: ["NGUEREZA DANGANA Ulrich Tony Irving"], time: ["0.000783"]
2021-06-27 19:05:16.762638	[ERROR]	[MAIN]	[pid:0]	User with name "NGUEREZA DANGANA Ulrich Tony Irving" not found
2021-06-27 19:05:24.304453	[INFO]	[Platine\Database\Connection]	[pid:0]	Execute Query: ["SELECT * FROM `users` WHERE `lname` = ?"], parameters: ["TNH"], time: ["0.000601"]
2021-06-27 19:14:46.184443	[ERROR]	[MAIN]	[pid:0]	404 Not found: The requested resource could not be found. Please verify the URI and try again, Platine\Framework\Http\Exception\HttpNotFoundException(code:404) Not found at D:\wamp\www\platine-php\packages\framework\src\Kernel\HttpKernel.php line 164
2021-06-27 19:16:01.242520	[INFO]	[Platine\Database\Connection]	[pid:0]	Execute Query: ["SELECT * FROM `users` WHERE `lname` = ?"], parameters: ["TNH"], time: ["0.001460"]
2021-06-27 18:18:49.919164	[INFO]	[Platine\Database\Connection]	[pid:0]	Execute Query: ["SELECT * FROM `users` WHERE `lname` = ?"], parameters: ["TNH"], time: ["0.000303"]
2021-06-27 18:30:07.573290	[INFO]	[Platine\Database\Connection]	[pid:0]	Execute Query: ["SELECT * FROM `users` WHERE `lname` = ?"], parameters: ["TNH"], time: ["0.000571"]
2021-06-27 18:44:01.561675	[INFO]	[Platine\Database\Connection]	[pid:0]	Execute Query: ["SELECT * FROM `users` WHERE `lname` = ?"], parameters: [""], time: ["0.000516"]
2021-06-27 18:44:01.566355	[ERROR]	[MAIN]	[pid:0]	User with name "" not found
2021-06-27 18:44:04.713280	[INFO]	[Platine\Database\Connection]	[pid:0]	Execute Query: ["SELECT * FROM `users` WHERE `lname` = ?"], parameters: ["TNH"], time: ["0.000367"]
2021-06-27 18:49:22.123648	[ERROR]	[MAIN]	[pid:0]	Platine Application Error: An error has occurred. Sorry for the temporary inconvenience., Platine\Lang\Exception\LocaleNotSupportedException(code:0) Locale [en_USs] is not supported at D:\wamp\www\platine-php\vendor\platine-php\lang\src\Translator\GettextTranslator.php line 101
2021-06-27 18:49:43.553807	[INFO]	[Platine\Database\Connection]	[pid:0]	Execute Query: ["SELECT * FROM `users` WHERE `lname` = ?"], parameters: ["TNH"], time: ["0.000533"]
2021-06-27 18:49:50.638737	[INFO]	[Platine\Database\Connection]	[pid:0]	Execute Query: ["SELECT * FROM `users` WHERE `lname` = ?"], parameters: ["TNH"], time: ["0.000284"]
2021-06-27 19:13:03.120946	[INFO]	[Platine\Database\Connection]	[pid:0]	Execute Query: ["SELECT * FROM `users` WHERE `lname` = ?"], parameters: ["TNH"], time: ["0.004819"]
