2021-07-29 07:52:53.139990	[INFO]	[Platine\Database\Connection]	[pid:0]	Execute Query: [SELECT COUNT(DISTINCT `id`) FROM `users`], parameters: [], time: [0.001454]
2021-07-29 07:52:53.148975	[INFO]	[Platine\Database\Connection]	[pid:0]	Execute Query: [SELECT * FROM `users` ORDER BY `lastname`, `firstname` ASC LIMIT ? OFFSET ?], parameters: [10, 0], time: [0.000771]
2021-07-29 07:52:58.368084	[INFO]	[Platine\Database\Connection]	[pid:0]	Execute Query: [SELECT COUNT(DISTINCT `id`) FROM `users`], parameters: [], time: [0.001088]
2021-07-29 07:52:58.375201	[INFO]	[Platine\Database\Connection]	[pid:0]	Execute Query: [SELECT * FROM `users` ORDER BY `lastname`, `firstname` ASC LIMIT ? OFFSET ?], parameters: [10, 0], time: [0.000507]
2021-07-29 07:53:01.356415	[INFO]	[Platine\Database\Connection]	[pid:0]	Execute Query: [SELECT COUNT(DISTINCT `id`) FROM `users` WHERE `status` = ?], parameters: [D], time: [0.000578]
2021-07-29 07:53:01.364502	[INFO]	[Platine\Database\Connection]	[pid:0]	Execute Query: [SELECT * FROM `users` WHERE `status` = ? ORDER BY `lastname`, `firstname` ASC LIMIT ? OFFSET ?], parameters: [D, 10, 0], time: [0.000497]
2021-07-29 07:53:04.966486	[INFO]	[Platine\Database\Connection]	[pid:0]	Execute Query: [SELECT COUNT(DISTINCT `id`) FROM `users` WHERE `status` = ?], parameters: [A], time: [0.000464]
2021-07-29 07:53:04.972201	[INFO]	[Platine\Database\Connection]	[pid:0]	Execute Query: [SELECT * FROM `users` WHERE `status` = ? ORDER BY `lastname`, `firstname` ASC LIMIT ? OFFSET ?], parameters: [A, 10, 0], time: [0.000499]
2021-07-29 07:53:41.211016	[INFO]	[Platine\Database\Connection]	[pid:0]	Execute Query: [SELECT COUNT(DISTINCT `id`) FROM `roles`], parameters: [], time: [0.000623]
2021-07-29 07:53:41.223471	[INFO]	[Platine\Database\Connection]	[pid:0]	Execute Query: [SELECT * FROM `roles` LIMIT ? OFFSET ?], parameters: [10, 0], time: [0.001972]
2021-07-29 07:53:49.709495	[INFO]	[Platine\Database\Connection]	[pid:0]	Execute Query: [SELECT * FROM `roles` WHERE `id` = ?], parameters: [1], time: [0.000383]
2021-07-29 07:53:49.813048	[INFO]	[Platine\Database\Connection]	[pid:0]	Execute Query: [SELECT `permissions`.* FROM `permissions_roles` INNER JOIN `permissions` ON `permissions_roles`.`permission_id` = `permissions`.`id` WHERE `permissions_roles`.`role_id` = ?], parameters: [1], time: [0.000711]
2021-07-29 07:54:14.220721	[INFO]	[Platine\Database\Connection]	[pid:0]	Execute Query: [SELECT * FROM `roles` WHERE `id` = ?], parameters: [1], time: [0.000336]
2021-07-29 07:54:14.230073	[INFO]	[Platine\Database\Connection]	[pid:0]	Execute Query: [SELECT * FROM `permissions` ORDER BY `code` ASC], parameters: [], time: [0.000393]
2021-07-29 07:54:14.236966	[INFO]	[Platine\Database\Connection]	[pid:0]	Execute Query: [SELECT `permissions`.* FROM `permissions_roles` INNER JOIN `permissions` ON `permissions_roles`.`permission_id` = `permissions`.`id` WHERE `permissions_roles`.`role_id` = ?], parameters: [1], time: [0.000355]
2021-07-29 07:54:18.129003	[INFO]	[Platine\Database\Connection]	[pid:0]	Execute Query: [SELECT * FROM `roles` WHERE `id` = ?], parameters: [1], time: [0.000365]
2021-07-29 07:54:18.135474	[INFO]	[Platine\Database\Connection]	[pid:0]	Execute Query: [SELECT * FROM `permissions` ORDER BY `code` ASC], parameters: [], time: [0.000530]
2021-07-29 07:54:18.140848	[INFO]	[Platine\Database\Connection]	[pid:0]	Execute Query: [SELECT `permissions`.* FROM `permissions_roles` INNER JOIN `permissions` ON `permissions_roles`.`permission_id` = `permissions`.`id` WHERE `permissions_roles`.`role_id` = ?], parameters: [1], time: [0.001117]
2021-07-29 07:54:18.157049	[INFO]	[Platine\Database\Connection]	[pid:0]	Execute Query: [SELECT * FROM `roles` WHERE `name` = ?], parameters: [Manager], time: [0.000376]
2021-07-29 07:54:18.167735	[INFO]	[Platine\Database\Connection]	[pid:0]	Execute Query: [UPDATE `roles` SET `name` = ?, `description` = ?, `updated_at` = ? WHERE `id` = ?], parameters: [Manager, , 2021-07-29 07:54:18, 1], time: [0.000463]
2021-07-29 07:54:18.279306	[INFO]	[Platine\Database\Connection]	[pid:0]	Execute Query: [SELECT * FROM `roles` WHERE `id` = ?], parameters: [1], time: [0.000411]
2021-07-29 07:54:18.308775	[INFO]	[Platine\Database\Connection]	[pid:0]	Execute Query: [SELECT `permissions`.* FROM `permissions_roles` INNER JOIN `permissions` ON `permissions_roles`.`permission_id` = `permissions`.`id` WHERE `permissions_roles`.`role_id` = ?], parameters: [1], time: [0.000389]
