2021-07-22 05:22:06.400724	[INFO]	[Platine\Database\Connection]	[pid:0]	Execute Query: [SELECT * FROM `roles` WHERE `id` = ?], parameters: [1], time: [0.000282]
2021-07-22 05:22:06.405807	[INFO]	[Platine\Database\Connection]	[pid:0]	Execute Query: [SELECT * FROM `permissions` ORDER BY `code` ASC], parameters: [], time: [0.000833]
2021-07-22 05:22:06.409029	[INFO]	[Platine\Database\Connection]	[pid:0]	Execute Query: [SELECT `permissions`.* FROM `permissions_roles` INNER JOIN `permissions` ON `permissions_roles`.`permission_id` = `permissions`.`id` WHERE `permissions_roles`.`role_id` = ?], parameters: [1], time: [0.000469]
2021-07-22 05:22:06.412117	[INFO]	[Platine\Database\Connection]	[pid:0]	Execute Query: [SELECT * FROM `roles` WHERE `name` = ?], parameters: [Manager], time: [0.000252]
2021-07-22 05:22:06.413537	[INFO]	[Platine\Database\Connection]	[pid:0]	Execute Query: [SELECT * FROM `permissions` WHERE `id` IN (?)], parameters: [1], time: [0.000253]
2021-07-22 05:22:06.414831	[INFO]	[Platine\Database\Connection]	[pid:0]	Execute Query: [SELECT * FROM `permissions` WHERE `id` IN (?)], parameters: [2], time: [0.000215]
2021-07-22 05:22:06.416877	[INFO]	[Platine\Database\Connection]	[pid:0]	Execute Query: [DELETE FROM `permissions_roles` WHERE `role_id` = ? AND `permission_id` = ?], parameters: [1, 1], time: [0.000337]
2021-07-22 05:22:06.419812	[INFO]	[Platine\Database\Connection]	[pid:0]	Execute Query: [INSERT INTO `permissions_roles`(`role_id`, `permission_id`) VALUES (?, ?)], parameters: [1, 2], time: [0.000449]
2021-07-22 05:22:06.426448	[INFO]	[Platine\Database\Connection]	[pid:0]	Execute Query: [UPDATE `roles` SET `name` = ?, `description` = ?, `updated_at` = ? WHERE `id` = ?], parameters: [Manager, , 2021-07-22 05:22:06, 1], time: [0.000248]
2021-07-22 05:22:06.469093	[INFO]	[Platine\Database\Connection]	[pid:0]	Execute Query: [SELECT * FROM `roles` WHERE `id` = ?], parameters: [1], time: [0.002071]
2021-07-22 05:22:06.482811	[INFO]	[Platine\Database\Connection]	[pid:0]	Execute Query: [SELECT `permissions`.* FROM `permissions_roles` INNER JOIN `permissions` ON `permissions_roles`.`permission_id` = `permissions`.`id` WHERE `permissions_roles`.`role_id` = ?], parameters: [1], time: [0.000485]
2021-07-22 05:22:27.681938	[INFO]	[Platine\Database\Connection]	[pid:0]	Execute Query: [SELECT * FROM `roles`], parameters: [], time: [0.000349]
2021-07-22 05:22:31.423701	[INFO]	[Platine\Database\Connection]	[pid:0]	Execute Query: [SELECT * FROM `roles` WHERE `id` = ?], parameters: [5], time: [0.000367]
2021-07-22 05:22:31.425606	[INFO]	[Platine\Database\Connection]	[pid:0]	Execute Query: [SELECT * FROM `permissions` ORDER BY `code` ASC], parameters: [], time: [0.000266]
2021-07-22 05:22:31.430392	[INFO]	[Platine\Database\Connection]	[pid:0]	Execute Query: [SELECT `permissions`.* FROM `permissions_roles` INNER JOIN `permissions` ON `permissions_roles`.`permission_id` = `permissions`.`id` WHERE `permissions_roles`.`role_id` = ?], parameters: [5], time: [0.000629]
2021-07-22 05:22:37.878963	[INFO]	[Platine\Database\Connection]	[pid:0]	Execute Query: [SELECT * FROM `roles` WHERE `id` = ?], parameters: [5], time: [0.000585]
2021-07-22 05:22:37.881521	[INFO]	[Platine\Database\Connection]	[pid:0]	Execute Query: [SELECT * FROM `permissions` ORDER BY `code` ASC], parameters: [], time: [0.000276]
2021-07-22 05:22:37.883352	[INFO]	[Platine\Database\Connection]	[pid:0]	Execute Query: [SELECT `permissions`.* FROM `permissions_roles` INNER JOIN `permissions` ON `permissions_roles`.`permission_id` = `permissions`.`id` WHERE `permissions_roles`.`role_id` = ?], parameters: [5], time: [0.000344]
2021-07-22 05:22:37.885916	[INFO]	[Platine\Database\Connection]	[pid:0]	Execute Query: [SELECT * FROM `roles` WHERE `name` = ?], parameters: [NGUEREZA DANGANA Ulrich Tony Irvings], time: [0.000257]
2021-07-22 05:22:37.888082	[INFO]	[Platine\Database\Connection]	[pid:0]	Execute Query: [UPDATE `roles` SET `name` = ?, `description` = ?, `updated_at` = ? WHERE `id` = ?], parameters: [NGUEREZA DANGANA Ulrich Tony Irvings, NGUEREZA DANGANA Ulrich Tony Irvings, 2021-07-22 05:22:37, 5], time: [0.000428]
2021-07-22 05:22:37.924527	[INFO]	[Platine\Database\Connection]	[pid:0]	Execute Query: [SELECT * FROM `roles`], parameters: [], time: [0.000223]
2021-07-22 05:22:46.462814	[INFO]	[Platine\Database\Connection]	[pid:0]	Execute Query: [SELECT * FROM `permissions` ORDER BY `code` ASC], parameters: [], time: [0.002374]
2021-07-22 05:23:03.084558	[INFO]	[Platine\Database\Connection]	[pid:0]	Execute Query: [SELECT * FROM `permissions` ORDER BY `code` ASC], parameters: [], time: [0.000228]
2021-07-22 05:23:03.090420	[INFO]	[Platine\Database\Connection]	[pid:0]	Execute Query: [SELECT * FROM `roles` WHERE `name` = ?], parameters: [' or 1=1], time: [0.000388]
2021-07-22 05:23:03.093520	[INFO]	[Platine\Database\Connection]	[pid:0]	Execute Query: [INSERT INTO `roles`(`name`, `description`, `created_at`, `updated_at`) VALUES (?, ?, ?, ?)], parameters: [' or 1=1, sss, 2021-07-22 05:23:03, ], time: [0.000854]
2021-07-22 05:23:03.130917	[INFO]	[Platine\Database\Connection]	[pid:0]	Execute Query: [SELECT * FROM `roles`], parameters: [], time: [0.000250]
2021-07-22 05:23:42.472908	[INFO]	[Platine\Database\Connection]	[pid:0]	Execute Query: [SELECT * FROM `permissions` ORDER BY `code` ASC], parameters: [], time: [0.000276]
2021-07-22 05:23:57.893455	[INFO]	[Platine\Database\Connection]	[pid:0]	Execute Query: [SELECT * FROM `permissions` ORDER BY `code` ASC], parameters: [], time: [0.000410]
2021-07-22 05:23:57.895852	[INFO]	[Platine\Database\Connection]	[pid:0]	Execute Query: [SELECT * FROM `roles` WHERE `name` = ?], parameters: [alert("Hello");], time: [0.000283]
2021-07-22 05:23:57.897755	[INFO]	[Platine\Database\Connection]	[pid:0]	Execute Query: [INSERT INTO `roles`(`name`, `description`, `created_at`, `updated_at`) VALUES (?, ?, ?, ?)], parameters: [alert("Hello");, , 2021-07-22 05:23:57, ], time: [0.000303]
2021-07-22 05:23:57.933540	[INFO]	[Platine\Database\Connection]	[pid:0]	Execute Query: [SELECT * FROM `roles`], parameters: [], time: [0.000223]
2021-07-22 05:24:06.064445	[INFO]	[Platine\Database\Connection]	[pid:0]	Execute Query: [SELECT * FROM `roles` WHERE `id` = ?], parameters: [7], time: [0.000255]
2021-07-22 05:24:06.066629	[INFO]	[Platine\Database\Connection]	[pid:0]	Execute Query: [SELECT * FROM `permissions` ORDER BY `code` ASC], parameters: [], time: [0.000431]
2021-07-22 05:24:06.072794	[INFO]	[Platine\Database\Connection]	[pid:0]	Execute Query: [SELECT `permissions`.* FROM `permissions_roles` INNER JOIN `permissions` ON `permissions_roles`.`permission_id` = `permissions`.`id` WHERE `permissions_roles`.`role_id` = ?], parameters: [7], time: [0.003401]
2021-07-22 05:24:18.539337	[INFO]	[Platine\Database\Connection]	[pid:0]	Execute Query: [SELECT * FROM `roles` WHERE `id` = ?], parameters: [7], time: [0.000229]
2021-07-22 05:24:18.541683	[INFO]	[Platine\Database\Connection]	[pid:0]	Execute Query: [SELECT * FROM `permissions` ORDER BY `code` ASC], parameters: [], time: [0.000271]
2021-07-22 05:24:18.543945	[INFO]	[Platine\Database\Connection]	[pid:0]	Execute Query: [SELECT `permissions`.* FROM `permissions_roles` INNER JOIN `permissions` ON `permissions_roles`.`permission_id` = `permissions`.`id` WHERE `permissions_roles`.`role_id` = ?], parameters: [7], time: [0.000295]
2021-07-22 05:24:18.546212	[INFO]	[Platine\Database\Connection]	[pid:0]	Execute Query: [SELECT * FROM `roles` WHERE `name` = ?], parameters: [<script>alert("Hello");</script>], time: [0.000316]
2021-07-22 05:24:18.551818	[INFO]	[Platine\Database\Connection]	[pid:0]	Execute Query: [UPDATE `roles` SET `name` = ?, `description` = ?, `updated_at` = ? WHERE `id` = ?], parameters: [<script>alert("Hello");</script>, , 2021-07-22 05:24:18, 7], time: [0.000689]
2021-07-22 05:24:18.586629	[INFO]	[Platine\Database\Connection]	[pid:0]	Execute Query: [SELECT * FROM `roles`], parameters: [], time: [0.000211]
2021-07-22 05:25:28.416786	[INFO]	[Platine\Database\Connection]	[pid:0]	Execute Query: [SELECT * FROM `roles`], parameters: [], time: [0.000251]
2021-07-22 05:34:54.050663	[INFO]	[Platine\Database\Connection]	[pid:0]	Execute Query: [SELECT * FROM `roles` WHERE `id` = ?], parameters: [7], time: [0.000914]
2021-07-22 05:34:54.054846	[INFO]	[Platine\Database\Connection]	[pid:0]	Execute Query: [SELECT * FROM `permissions` ORDER BY `code` ASC], parameters: [], time: [0.000586]
2021-07-22 05:34:54.063160	[INFO]	[Platine\Database\Connection]	[pid:0]	Execute Query: [SELECT `permissions`.* FROM `permissions_roles` INNER JOIN `permissions` ON `permissions_roles`.`permission_id` = `permissions`.`id` WHERE `permissions_roles`.`role_id` = ?], parameters: [7], time: [0.000797]
2021-07-22 05:34:59.306681	[INFO]	[Platine\Database\Connection]	[pid:0]	Execute Query: [SELECT * FROM `roles` WHERE `id` = ?], parameters: [7], time: [0.001439]
2021-07-22 05:34:59.311345	[INFO]	[Platine\Database\Connection]	[pid:0]	Execute Query: [SELECT * FROM `permissions` ORDER BY `code` ASC], parameters: [], time: [0.001116]
2021-07-22 05:34:59.313719	[INFO]	[Platine\Database\Connection]	[pid:0]	Execute Query: [SELECT `permissions`.* FROM `permissions_roles` INNER JOIN `permissions` ON `permissions_roles`.`permission_id` = `permissions`.`id` WHERE `permissions_roles`.`role_id` = ?], parameters: [7], time: [0.000396]
2021-07-22 05:34:59.320638	[INFO]	[Platine\Database\Connection]	[pid:0]	Execute Query: [SELECT * FROM `roles` WHERE `name` = ?], parameters: [alert(&quot;Hello&quot;);], time: [0.000319]
2021-07-22 05:34:59.326481	[INFO]	[Platine\Database\Connection]	[pid:0]	Execute Query: [UPDATE `roles` SET `name` = ?, `description` = ?, `updated_at` = ? WHERE `id` = ?], parameters: [alert(&quot;Hello&quot;);, , 2021-07-22 05:34:59, 7], time: [0.000836]
2021-07-22 05:34:59.369371	[INFO]	[Platine\Database\Connection]	[pid:0]	Execute Query: [SELECT * FROM `roles`], parameters: [], time: [0.000276]
2021-07-22 05:35:22.339018	[INFO]	[Platine\Database\Connection]	[pid:0]	Execute Query: [SELECT * FROM `roles` WHERE `id` = ?], parameters: [6], time: [0.000200]
2021-07-22 05:35:22.340861	[INFO]	[Platine\Database\Connection]	[pid:0]	Execute Query: [SELECT * FROM `permissions` ORDER BY `code` ASC], parameters: [], time: [0.000206]
2021-07-22 05:35:22.342894	[INFO]	[Platine\Database\Connection]	[pid:0]	Execute Query: [SELECT `permissions`.* FROM `permissions_roles` INNER JOIN `permissions` ON `permissions_roles`.`permission_id` = `permissions`.`id` WHERE `permissions_roles`.`role_id` = ?], parameters: [6], time: [0.000239]
2021-07-22 05:35:39.401165	[INFO]	[Platine\Database\Connection]	[pid:0]	Execute Query: [SELECT * FROM `roles` WHERE `id` = ?], parameters: [6], time: [0.000227]
2021-07-22 05:35:39.403741	[INFO]	[Platine\Database\Connection]	[pid:0]	Execute Query: [SELECT * FROM `permissions` ORDER BY `code` ASC], parameters: [], time: [0.000255]
2021-07-22 05:35:39.406703	[INFO]	[Platine\Database\Connection]	[pid:0]	Execute Query: [SELECT `permissions`.* FROM `permissions_roles` INNER JOIN `permissions` ON `permissions_roles`.`permission_id` = `permissions`.`id` WHERE `permissions_roles`.`role_id` = ?], parameters: [6], time: [0.000328]
2021-07-22 05:35:39.409682	[INFO]	[Platine\Database\Connection]	[pid:0]	Execute Query: [SELECT * FROM `roles` WHERE `name` = ?], parameters: [j&#039;oioo ], time: [0.000234]
2021-07-22 05:35:39.414401	[INFO]	[Platine\Database\Connection]	[pid:0]	Execute Query: [UPDATE `roles` SET `name` = ?, `description` = ?, `updated_at` = ? WHERE `id` = ?], parameters: [j&#039;oioo , sss, 2021-07-22 05:35:39, 6], time: [0.000911]
2021-07-22 05:35:39.470339	[INFO]	[Platine\Database\Connection]	[pid:0]	Execute Query: [SELECT * FROM `roles`], parameters: [], time: [0.000213]
2021-07-22 05:35:48.866441	[INFO]	[Platine\Database\Connection]	[pid:0]	Execute Query: [SELECT * FROM `roles` WHERE `id` = ?], parameters: [6], time: [0.000243]
2021-07-22 05:35:48.867948	[INFO]	[Platine\Database\Connection]	[pid:0]	Execute Query: [SELECT * FROM `permissions` ORDER BY `code` ASC], parameters: [], time: [0.000245]
2021-07-22 05:35:48.869731	[INFO]	[Platine\Database\Connection]	[pid:0]	Execute Query: [SELECT `permissions`.* FROM `permissions_roles` INNER JOIN `permissions` ON `permissions_roles`.`permission_id` = `permissions`.`id` WHERE `permissions_roles`.`role_id` = ?], parameters: [6], time: [0.000260]
2021-07-22 05:35:53.649148	[INFO]	[Platine\Database\Connection]	[pid:0]	Execute Query: [SELECT * FROM `roles` WHERE `id` = ?], parameters: [6], time: [0.000322]
2021-07-22 05:35:53.651018	[INFO]	[Platine\Database\Connection]	[pid:0]	Execute Query: [SELECT * FROM `permissions` ORDER BY `code` ASC], parameters: [], time: [0.000370]
2021-07-22 05:35:53.653610	[INFO]	[Platine\Database\Connection]	[pid:0]	Execute Query: [SELECT `permissions`.* FROM `permissions_roles` INNER JOIN `permissions` ON `permissions_roles`.`permission_id` = `permissions`.`id` WHERE `permissions_roles`.`role_id` = ?], parameters: [6], time: [0.000283]
2021-07-22 05:35:53.656820	[INFO]	[Platine\Database\Connection]	[pid:0]	Execute Query: [SELECT * FROM `roles` WHERE `name` = ?], parameters: [j&#039;oioo ], time: [0.000513]
2021-07-22 05:35:53.663860	[INFO]	[Platine\Database\Connection]	[pid:0]	Execute Query: [UPDATE `roles` SET `name` = ?, `description` = ?, `updated_at` = ? WHERE `id` = ?], parameters: [j&#039;oioo , sss, 2021-07-22 05:35:53, 6], time: [0.000413]
2021-07-22 05:35:53.737276	[INFO]	[Platine\Database\Connection]	[pid:0]	Execute Query: [SELECT * FROM `roles`], parameters: [], time: [0.000326]
2021-07-22 05:37:01.362194	[INFO]	[Platine\Database\Connection]	[pid:0]	Execute Query: [SELECT * FROM `roles`], parameters: [], time: [0.000334]
2021-07-22 05:37:12.577504	[INFO]	[Platine\Database\Connection]	[pid:0]	Execute Query: [SELECT * FROM `roles` WHERE `id` = ?], parameters: [6], time: [0.000270]
2021-07-22 05:37:12.579109	[INFO]	[Platine\Database\Connection]	[pid:0]	Execute Query: [SELECT * FROM `permissions` ORDER BY `code` ASC], parameters: [], time: [0.000283]
2021-07-22 05:37:12.581012	[INFO]	[Platine\Database\Connection]	[pid:0]	Execute Query: [SELECT `permissions`.* FROM `permissions_roles` INNER JOIN `permissions` ON `permissions_roles`.`permission_id` = `permissions`.`id` WHERE `permissions_roles`.`role_id` = ?], parameters: [6], time: [0.000312]
2021-07-22 05:37:27.198828	[INFO]	[Platine\Database\Connection]	[pid:0]	Execute Query: [SELECT * FROM `roles` WHERE `id` = ?], parameters: [6], time: [0.000335]
2021-07-22 05:37:27.201611	[INFO]	[Platine\Database\Connection]	[pid:0]	Execute Query: [SELECT * FROM `permissions` ORDER BY `code` ASC], parameters: [], time: [0.000253]
2021-07-22 05:37:27.204247	[INFO]	[Platine\Database\Connection]	[pid:0]	Execute Query: [SELECT `permissions`.* FROM `permissions_roles` INNER JOIN `permissions` ON `permissions_roles`.`permission_id` = `permissions`.`id` WHERE `permissions_roles`.`role_id` = ?], parameters: [6], time: [0.000322]
2021-07-22 05:37:27.209063	[INFO]	[Platine\Database\Connection]	[pid:0]	Execute Query: [SELECT * FROM `roles` WHERE `name` = ?], parameters: [h&#039;oioo ], time: [0.000292]
2021-07-22 05:37:27.211262	[INFO]	[Platine\Database\Connection]	[pid:0]	Execute Query: [UPDATE `roles` SET `name` = ?, `description` = ?, `updated_at` = ? WHERE `id` = ?], parameters: [h&#039;oioo , sss, 2021-07-22 05:37:27, 6], time: [0.000397]
2021-07-22 05:37:27.273220	[INFO]	[Platine\Database\Connection]	[pid:0]	Execute Query: [SELECT * FROM `roles`], parameters: [], time: [0.000213]
2021-07-22 05:37:53.099632	[INFO]	[Platine\Database\Connection]	[pid:0]	Execute Query: [SELECT * FROM `roles`], parameters: [], time: [0.000260]
2021-07-22 05:38:08.226535	[INFO]	[MAIN]	[pid:0]	Deleted of roles #[5, 6, 7]
2021-07-22 05:38:08.233944	[INFO]	[Platine\Database\Connection]	[pid:0]	Execute Query: [DELETE FROM `roles` WHERE `id` IN (?, ?, ?)], parameters: [5, 6, 7], time: [0.005033]
2021-07-22 05:38:08.281449	[INFO]	[Platine\Database\Connection]	[pid:0]	Execute Query: [SELECT * FROM `roles`], parameters: [], time: [0.000372]
