2021-07-05 07:07:19.996287	[INFO]	[Platine\Database\Connection]	[pid:0]	Execute Query: [SELECT * FROM `migration` WHERE `version` = ?], parameters: [xx], time: [0.000302]
2021-07-05 07:07:19.999147	[INFO]	[Platine\Database\Connection]	[pid:0]	Execute Query: [SELECT * FROM `migration` ORDER BY `version` ASC], parameters: [], time: [0.000268]
2021-07-05 07:07:38.126102	[INFO]	[Platine\Database\Connection]	[pid:0]	Execute Query: [SELECT * FROM `migration` WHERE `version` = ?], parameters: [xx], time: [0.000292]
2021-07-05 07:07:38.132469	[INFO]	[Platine\Database\Connection]	[pid:0]	Execute Query: [SELECT * FROM `migration` ORDER BY `version` DESC], parameters: [], time: [0.000406]
2021-07-05 07:07:40.583162	[INFO]	[Platine\Database\Connection]	[pid:0]	Execute Query: [ALTER TABLE `roles` DROP COLUMN `code`], parameters: [], time: [0.433201]
2021-07-05 07:07:40.585049	[INFO]	[Platine\Database\Connection]	[pid:0]	Execute Query: [SELECT * FROM `migration` WHERE `version` = ?], parameters: [20210705_065339], time: [0.000250]
2021-07-05 07:07:40.589050	[INFO]	[Platine\Database\Connection]	[pid:0]	Execute Query: [DELETE FROM `migration` WHERE `version` = ?], parameters: [20210705_065339], time: [0.000301]
2021-07-05 07:07:40.601642	[INFO]	[Platine\Database\Connection]	[pid:0]	Execute Query: [DROP TABLE `roles`], parameters: [], time: [0.008116]
2021-07-05 07:07:40.603786	[INFO]	[Platine\Database\Connection]	[pid:0]	Execute Query: [SELECT * FROM `migration` WHERE `version` = ?], parameters: [20210705_065247], time: [0.000339]
2021-07-05 07:07:40.606166	[INFO]	[Platine\Database\Connection]	[pid:0]	Execute Query: [DELETE FROM `migration` WHERE `version` = ?], parameters: [20210705_065247], time: [0.000391]
2021-07-05 07:08:32.360255	[INFO]	[Platine\Database\Connection]	[pid:0]	Execute Query: [SELECT * FROM `migration` WHERE `version` = ?], parameters: [xx], time: [0.000275]
2021-07-05 07:08:32.363184	[INFO]	[Platine\Database\Connection]	[pid:0]	Execute Query: [SELECT * FROM `migration` ORDER BY `version` ASC], parameters: [], time: [0.000196]
2021-07-05 07:08:34.647720	[INFO]	[Platine\Database\Connection]	[pid:0]	Execute Query: [CREATE TABLE `roles`(
`id` INT AUTO_INCREMENT,
`description` VARCHAR(255) COMMENT 'The role description',
`created_at` DATETIME NOT NULL COMMENT 'role created at',
`updated_at` DATETIME COMMENT 'role updated at',
CONSTRAINT `roles_pk_id` PRIMARY KEY (`id`))
 ENGINE = INNODB], parameters: [], time: [0.036178]
2021-07-05 07:08:34.653830	[INFO]	[Platine\Database\Connection]	[pid:0]	Execute Query: [INSERT INTO `migration`(`version`, `description`, `created_at`) VALUES (?, ?, ?)], parameters: [20210705_065247, add roles table, 2021-07-05 07:08:34], time: [0.000631]
2021-07-05 07:08:34.743348	[INFO]	[Platine\Database\Connection]	[pid:0]	Execute Query: [ALTER TABLE `roles` ADD COLUMN `code` VARCHAR(255) NOT NULL], parameters: [], time: [0.082037]
2021-07-05 07:08:34.809673	[INFO]	[Platine\Database\Connection]	[pid:0]	Execute Query: [ALTER TABLE `roles` ADD CONSTRAINT `roles_uk_code` UNIQUE (`code`)], parameters: [], time: [0.064964]
2021-07-05 07:08:34.816337	[INFO]	[Platine\Database\Connection]	[pid:0]	Execute Query: [INSERT INTO `migration`(`version`, `description`, `created_at`) VALUES (?, ?, ?)], parameters: [20210705_065339, add roles code field, 2021-07-05 07:08:34], time: [0.002897]
2021-07-05 07:10:48.776176	[INFO]	[Platine\Database\Connection]	[pid:0]	Execute Query: [SELECT * FROM `migration` WHERE `version` = ?], parameters: [xx], time: [0.000719]
2021-07-05 07:10:48.779426	[INFO]	[Platine\Database\Connection]	[pid:0]	Execute Query: [SELECT * FROM `migration` ORDER BY `version` DESC], parameters: [], time: [0.000310]
2021-07-05 07:10:55.752212	[INFO]	[Platine\Database\Connection]	[pid:0]	Execute Query: [SELECT * FROM `migration` WHERE `version` = ?], parameters: [xx], time: [0.000299]
2021-07-05 07:10:55.755693	[INFO]	[Platine\Database\Connection]	[pid:0]	Execute Query: [SELECT * FROM `migration` ORDER BY `version` DESC], parameters: [], time: [0.000278]
2021-07-05 07:11:51.293019	[INFO]	[Platine\Database\Connection]	[pid:0]	Execute Query: [SELECT * FROM `migration` WHERE `version` = ?], parameters: [xx], time: [0.000250]
2021-07-05 07:11:51.296887	[INFO]	[Platine\Database\Connection]	[pid:0]	Execute Query: [SELECT * FROM `migration` ORDER BY `version` ASC], parameters: [], time: [0.000320]
2021-07-05 07:11:58.686035	[INFO]	[Platine\Database\Connection]	[pid:0]	Execute Query: [SELECT * FROM `migration` WHERE `version` = ?], parameters: [xx], time: [0.000317]
2021-07-05 07:11:58.691210	[INFO]	[Platine\Database\Connection]	[pid:0]	Execute Query: [SELECT * FROM `migration` ORDER BY `version` DESC], parameters: [], time: [0.000303]
2021-07-05 07:12:02.002608	[INFO]	[Platine\Database\Connection]	[pid:0]	Execute Query: [ALTER TABLE `roles` DROP COLUMN `code`], parameters: [], time: [0.108965]
2021-07-05 07:12:02.004779	[INFO]	[Platine\Database\Connection]	[pid:0]	Execute Query: [SELECT * FROM `migration` WHERE `version` = ?], parameters: [20210705_065339], time: [0.000286]
2021-07-05 07:12:02.009065	[INFO]	[Platine\Database\Connection]	[pid:0]	Execute Query: [DELETE FROM `migration` WHERE `version` = ?], parameters: [20210705_065339], time: [0.000699]
2021-07-05 07:12:02.022271	[INFO]	[Platine\Database\Connection]	[pid:0]	Execute Query: [DROP TABLE `roles`], parameters: [], time: [0.008227]
2021-07-05 07:12:02.024303	[INFO]	[Platine\Database\Connection]	[pid:0]	Execute Query: [SELECT * FROM `migration` WHERE `version` = ?], parameters: [20210705_065247], time: [0.000286]
2021-07-05 07:12:02.026746	[INFO]	[Platine\Database\Connection]	[pid:0]	Execute Query: [DELETE FROM `migration` WHERE `version` = ?], parameters: [20210705_065247], time: [0.000740]
2021-07-05 07:12:06.321163	[INFO]	[Platine\Database\Connection]	[pid:0]	Execute Query: [SELECT * FROM `migration` WHERE `version` = ?], parameters: [xx], time: [0.000269]
2021-07-05 07:12:06.324203	[INFO]	[Platine\Database\Connection]	[pid:0]	Execute Query: [SELECT * FROM `migration` ORDER BY `version` DESC], parameters: [], time: [0.000253]
