2021-07-20 16:27:48.780859	[INFO]	[Platine\Database\Connection]	[pid:0]	Execute Query: [SELECT * FROM `users`], parameters: [], time: [0.000707]
2021-07-20 16:29:30.273598	[INFO]	[Platine\Database\Connection]	[pid:0]	Execute Query: [SELECT * FROM `users`], parameters: [], time: [0.000503]
2021-07-20 16:33:59.458747	[INFO]	[Platine\Database\Connection]	[pid:0]	Execute Query: [SELECT * FROM `users` WHERE `id` = ?], parameters: [1], time: [0.000639]
2021-07-20 16:33:59.460720	[INFO]	[Platine\Database\Connection]	[pid:0]	Execute Query: [SELECT * FROM `roles`], parameters: [], time: [0.000215]
2021-07-20 16:33:59.463194	[INFO]	[Platine\Database\Connection]	[pid:0]	Execute Query: [SELECT `roles`.* FROM `roles_users` INNER JOIN `roles` ON `roles_users`.`role_id` = `roles`.`id` WHERE `roles_users`.`user_id` = ?], parameters: [1], time: [0.000357]
2021-07-20 16:33:59.484983	[ERROR]	[MAIN]	[pid:0]	Platine Application Error: An error has occurred. Sorry for the temporary inconvenience., Platine\Container\Exception\NotFoundException(code:0) The type/class [Platine\Http\ServerRequestInterface] does not exist in the container! at D:\wamp\www\platine-php\vendor\platine-php\container\src\Container.php line 293
2021-07-20 16:34:44.642990	[INFO]	[Platine\Database\Connection]	[pid:0]	Execute Query: [SELECT * FROM `users` WHERE `id` = ?], parameters: [1], time: [0.000293]
2021-07-20 16:34:44.645503	[INFO]	[Platine\Database\Connection]	[pid:0]	Execute Query: [SELECT * FROM `roles`], parameters: [], time: [0.000487]
2021-07-20 16:34:44.647999	[INFO]	[Platine\Database\Connection]	[pid:0]	Execute Query: [SELECT `roles`.* FROM `roles_users` INNER JOIN `roles` ON `roles_users`.`role_id` = `roles`.`id` WHERE `roles_users`.`user_id` = ?], parameters: [1], time: [0.000383]
2021-07-20 16:34:47.331130	[INFO]	[Platine\Database\Connection]	[pid:0]	Execute Query: [SELECT * FROM `users` WHERE `id` = ?], parameters: [1], time: [0.000284]
2021-07-20 16:34:47.333006	[INFO]	[Platine\Database\Connection]	[pid:0]	Execute Query: [SELECT * FROM `roles`], parameters: [], time: [0.000248]
2021-07-20 16:34:47.334854	[INFO]	[Platine\Database\Connection]	[pid:0]	Execute Query: [SELECT `roles`.* FROM `roles_users` INNER JOIN `roles` ON `roles_users`.`role_id` = `roles`.`id` WHERE `roles_users`.`user_id` = ?], parameters: [1], time: [0.000330]
2021-07-20 16:34:57.453252	[INFO]	[Platine\Database\Connection]	[pid:0]	Execute Query: [SELECT * FROM `users`], parameters: [], time: [0.000260]
2021-07-20 16:34:59.888522	[INFO]	[Platine\Database\Connection]	[pid:0]	Execute Query: [SELECT * FROM `users` WHERE `id` = ?], parameters: [5], time: [0.000402]
2021-07-20 16:34:59.903414	[INFO]	[Platine\Database\Connection]	[pid:0]	Execute Query: [SELECT `roles`.* FROM `roles_users` INNER JOIN `roles` ON `roles_users`.`role_id` = `roles`.`id` WHERE `roles_users`.`user_id` = ?], parameters: [5], time: [0.001036]
2021-07-20 16:35:02.544555	[INFO]	[Platine\Database\Connection]	[pid:0]	Execute Query: [SELECT * FROM `users` WHERE `id` = ?], parameters: [5], time: [0.000302]
2021-07-20 16:35:02.546836	[INFO]	[Platine\Database\Connection]	[pid:0]	Execute Query: [SELECT * FROM `roles`], parameters: [], time: [0.000404]
2021-07-20 16:35:02.549777	[INFO]	[Platine\Database\Connection]	[pid:0]	Execute Query: [SELECT `roles`.* FROM `roles_users` INNER JOIN `roles` ON `roles_users`.`role_id` = `roles`.`id` WHERE `roles_users`.`user_id` = ?], parameters: [5], time: [0.000825]
2021-07-20 16:35:10.763173	[INFO]	[Platine\Database\Connection]	[pid:0]	Execute Query: [SELECT * FROM `users` WHERE `id` = ?], parameters: [5], time: [0.000328]
2021-07-20 16:35:10.767418	[INFO]	[Platine\Database\Connection]	[pid:0]	Execute Query: [SELECT * FROM `roles`], parameters: [], time: [0.000337]
2021-07-20 16:35:10.770486	[INFO]	[Platine\Database\Connection]	[pid:0]	Execute Query: [SELECT `roles`.* FROM `roles_users` INNER JOIN `roles` ON `roles_users`.`role_id` = `roles`.`id` WHERE `roles_users`.`user_id` = ?], parameters: [5], time: [0.000306]
2021-07-20 16:35:20.703225	[INFO]	[Platine\Database\Connection]	[pid:0]	Execute Query: [SELECT * FROM `users` WHERE `id` = ?], parameters: [5], time: [0.000360]
2021-07-20 16:35:20.711347	[INFO]	[Platine\Database\Connection]	[pid:0]	Execute Query: [SELECT * FROM `roles`], parameters: [], time: [0.000622]
2021-07-20 16:35:20.716409	[INFO]	[Platine\Database\Connection]	[pid:0]	Execute Query: [SELECT `roles`.* FROM `roles_users` INNER JOIN `roles` ON `roles_users`.`role_id` = `roles`.`id` WHERE `roles_users`.`user_id` = ?], parameters: [5], time: [0.000505]
2021-07-20 16:35:20.720360	[INFO]	[Platine\Database\Connection]	[pid:0]	Execute Query: [SELECT * FROM `users` WHERE `username` = ?], parameters: [rrrrrrr], time: [0.000264]
2021-07-20 16:35:20.722155	[INFO]	[Platine\Database\Connection]	[pid:0]	Execute Query: [SELECT * FROM `roles` WHERE `id` IN (?)], parameters: [2], time: [0.000415]
2021-07-20 16:35:20.724928	[INFO]	[Platine\Database\Connection]	[pid:0]	Execute Query: [INSERT INTO `roles_users`(`user_id`, `role_id`) VALUES (?, ?)], parameters: [5, 2], time: [0.000973]
2021-07-20 16:35:20.727462	[INFO]	[Platine\Database\Connection]	[pid:0]	Execute Query: [UPDATE `users` SET `username` = ?, `email` = ?, `status` = ?, `lastname` = ?, `firstname` = ?, `updated_at` = ?, `role` = ? WHERE `id` = ?], parameters: [rrrrrrr, octave@gmail.com, , NGUEREZA, Dfff, 2021-07-20 16::20, Admin, 5], time: [0.001015]
2021-07-20 16:35:20.754739	[INFO]	[Platine\Database\Connection]	[pid:0]	Execute Query: [SELECT * FROM `users`], parameters: [], time: [0.000254]
2021-07-20 16:35:42.448582	[INFO]	[Platine\Database\Connection]	[pid:0]	Execute Query: [SELECT * FROM `users` WHERE `id` = ?], parameters: [5], time: [0.000290]
2021-07-20 16:35:42.461108	[INFO]	[Platine\Database\Connection]	[pid:0]	Execute Query: [SELECT `roles`.* FROM `roles_users` INNER JOIN `roles` ON `roles_users`.`role_id` = `roles`.`id` WHERE `roles_users`.`user_id` = ?], parameters: [5], time: [0.000458]
2021-07-20 16:35:44.634126	[INFO]	[Platine\Database\Connection]	[pid:0]	Execute Query: [SELECT * FROM `users` WHERE `id` = ?], parameters: [5], time: [0.000236]
2021-07-20 16:35:44.635515	[INFO]	[Platine\Database\Connection]	[pid:0]	Execute Query: [SELECT * FROM `roles`], parameters: [], time: [0.000234]
2021-07-20 16:35:44.641602	[INFO]	[Platine\Database\Connection]	[pid:0]	Execute Query: [SELECT `roles`.* FROM `roles_users` INNER JOIN `roles` ON `roles_users`.`role_id` = `roles`.`id` WHERE `roles_users`.`user_id` = ?], parameters: [5], time: [0.000838]
2021-07-20 16:35:48.680645	[INFO]	[Platine\Database\Connection]	[pid:0]	Execute Query: [SELECT * FROM `users` WHERE `id` = ?], parameters: [5], time: [0.000264]
2021-07-20 16:35:48.682200	[INFO]	[Platine\Database\Connection]	[pid:0]	Execute Query: [SELECT * FROM `roles`], parameters: [], time: [0.000251]
2021-07-20 16:35:48.684010	[INFO]	[Platine\Database\Connection]	[pid:0]	Execute Query: [SELECT `roles`.* FROM `roles_users` INNER JOIN `roles` ON `roles_users`.`role_id` = `roles`.`id` WHERE `roles_users`.`user_id` = ?], parameters: [5], time: [0.000303]
2021-07-20 16:35:48.688037	[INFO]	[Platine\Database\Connection]	[pid:0]	Execute Query: [SELECT * FROM `users` WHERE `username` = ?], parameters: [rrrrrrr], time: [0.000340]
2021-07-20 16:35:48.771063	[INFO]	[Platine\Database\Connection]	[pid:0]	Execute Query: [SELECT * FROM `roles` WHERE `id` IN (?)], parameters: [1], time: [0.000261]
2021-07-20 16:35:48.774350	[INFO]	[Platine\Database\Connection]	[pid:0]	Execute Query: [INSERT INTO `roles_users`(`user_id`, `role_id`) VALUES (?, ?)], parameters: [5, 1], time: [0.000802]
2021-07-20 16:35:48.781309	[INFO]	[Platine\Database\Connection]	[pid:0]	Execute Query: [UPDATE `users` SET `username` = ?, `email` = ?, `password` = ?, `status` = ?, `lastname` = ?, `firstname` = ?, `updated_at` = ?, `role` = ? WHERE `id` = ?], parameters: [rrrrrrr, octave@gmail.com, $2y$10$pMIakJu0xgkqiH5dq0ZrvO2ZpFWgs9n.PC0t8j3rNxSYs7oFOYyP2, , NGUEREZA, Dfff, 2021-07-20 16::48, Admin, 5], time: [0.002158]
2021-07-20 16:35:48.807316	[INFO]	[Platine\Database\Connection]	[pid:0]	Execute Query: [SELECT * FROM `users` WHERE `id` = ?], parameters: [5], time: [0.000287]
2021-07-20 16:35:48.816045	[INFO]	[Platine\Database\Connection]	[pid:0]	Execute Query: [SELECT `roles`.* FROM `roles_users` INNER JOIN `roles` ON `roles_users`.`role_id` = `roles`.`id` WHERE `roles_users`.`user_id` = ?], parameters: [5], time: [0.000327]
2021-07-20 16:36:03.110139	[INFO]	[Platine\Database\Connection]	[pid:0]	Execute Query: [SELECT * FROM `users`], parameters: [], time: [0.000226]
2021-07-20 16:36:57.286460	[INFO]	[Platine\Database\Connection]	[pid:0]	Execute Query: [SELECT * FROM `users`], parameters: [], time: [0.000291]
2021-07-20 16:36:57.303447	[ERROR]	[MAIN]	[pid:0]	Platine Application Error: An error has occurred. Sorry for the temporary inconvenience., Platine\Orm\Exception\PropertyNotFoundException(code:0) Unknown column or relation [update_at] at D:\wamp\www\platine-php\vendor\platine-php\orm\src\Entity.php line 116
2021-07-20 16:37:06.806741	[INFO]	[Platine\Database\Connection]	[pid:0]	Execute Query: [SELECT * FROM `users`], parameters: [], time: [0.000334]
2021-07-20 16:37:18.041848	[INFO]	[Platine\Database\Connection]	[pid:0]	Execute Query: [SELECT * FROM `users` WHERE `id` = ?], parameters: [4], time: [0.000326]
2021-07-20 16:37:18.046219	[INFO]	[Platine\Database\Connection]	[pid:0]	Execute Query: [SELECT * FROM `roles`], parameters: [], time: [0.000339]
2021-07-20 16:37:18.048641	[INFO]	[Platine\Database\Connection]	[pid:0]	Execute Query: [SELECT `roles`.* FROM `roles_users` INNER JOIN `roles` ON `roles_users`.`role_id` = `roles`.`id` WHERE `roles_users`.`user_id` = ?], parameters: [4], time: [0.000283]
2021-07-20 16:37:22.058319	[INFO]	[Platine\Database\Connection]	[pid:0]	Execute Query: [SELECT * FROM `users` WHERE `id` = ?], parameters: [4], time: [0.000282]
2021-07-20 16:37:22.062240	[INFO]	[Platine\Database\Connection]	[pid:0]	Execute Query: [SELECT * FROM `roles`], parameters: [], time: [0.000343]
2021-07-20 16:37:22.065222	[INFO]	[Platine\Database\Connection]	[pid:0]	Execute Query: [SELECT `roles`.* FROM `roles_users` INNER JOIN `roles` ON `roles_users`.`role_id` = `roles`.`id` WHERE `roles_users`.`user_id` = ?], parameters: [4], time: [0.000339]
2021-07-20 16:37:22.068418	[INFO]	[Platine\Database\Connection]	[pid:0]	Execute Query: [SELECT * FROM `users` WHERE `username` = ?], parameters: [ingrid], time: [0.000277]
2021-07-20 16:37:22.154378	[INFO]	[Platine\Database\Connection]	[pid:0]	Execute Query: [SELECT * FROM `roles` WHERE `id` IN (?)], parameters: [2], time: [0.000205]
2021-07-20 16:37:22.158428	[INFO]	[Platine\Database\Connection]	[pid:0]	Execute Query: [INSERT INTO `roles_users`(`user_id`, `role_id`) VALUES (?, ?)], parameters: [4, 2], time: [0.002507]
2021-07-20 16:37:22.163123	[INFO]	[Platine\Database\Connection]	[pid:0]	Execute Query: [UPDATE `users` SET `username` = ?, `email` = ?, `password` = ?, `status` = ?, `lastname` = ?, `firstname` = ?, `updated_at` = ?, `role` = ? WHERE `id` = ?], parameters: [ingrid, mboutouthecle@gmail.com, $2y$10$0PSyM04iVoXyvh7rYpJcR.Z4tuPX3ShQjHCgQp9zR4mLsfP3YjGUq, 1, MBOUTOU, Ingrid, 2021-07-20 16::22, Financier, 4], time: [0.001101]
2021-07-20 16:37:22.192769	[INFO]	[Platine\Database\Connection]	[pid:0]	Execute Query: [SELECT * FROM `users`], parameters: [], time: [0.000673]
2021-07-20 16:37:25.289842	[INFO]	[Platine\Database\Connection]	[pid:0]	Execute Query: [SELECT * FROM `users` WHERE `id` = ?], parameters: [4], time: [0.000267]
2021-07-20 16:37:25.307881	[INFO]	[Platine\Database\Connection]	[pid:0]	Execute Query: [SELECT `roles`.* FROM `roles_users` INNER JOIN `roles` ON `roles_users`.`role_id` = `roles`.`id` WHERE `roles_users`.`user_id` = ?], parameters: [4], time: [0.000463]
2021-07-20 16:37:27.556137	[INFO]	[Platine\Database\Connection]	[pid:0]	Execute Query: [SELECT * FROM `users` WHERE `id` = ?], parameters: [4], time: [0.000283]
2021-07-20 16:37:27.558301	[INFO]	[Platine\Database\Connection]	[pid:0]	Execute Query: [SELECT * FROM `roles`], parameters: [], time: [0.000297]
2021-07-20 16:37:27.560726	[INFO]	[Platine\Database\Connection]	[pid:0]	Execute Query: [SELECT `roles`.* FROM `roles_users` INNER JOIN `roles` ON `roles_users`.`role_id` = `roles`.`id` WHERE `roles_users`.`user_id` = ?], parameters: [4], time: [0.000272]
2021-07-20 16:37:35.302532	[INFO]	[Platine\Database\Connection]	[pid:0]	Execute Query: [SELECT * FROM `users` WHERE `id` = ?], parameters: [4], time: [0.000394]
2021-07-20 16:37:35.304248	[INFO]	[Platine\Database\Connection]	[pid:0]	Execute Query: [SELECT * FROM `roles`], parameters: [], time: [0.000198]
2021-07-20 16:37:35.308837	[INFO]	[Platine\Database\Connection]	[pid:0]	Execute Query: [SELECT `roles`.* FROM `roles_users` INNER JOIN `roles` ON `roles_users`.`role_id` = `roles`.`id` WHERE `roles_users`.`user_id` = ?], parameters: [4], time: [0.000434]
2021-07-20 16:37:35.312346	[INFO]	[Platine\Database\Connection]	[pid:0]	Execute Query: [SELECT * FROM `users` WHERE `username` = ?], parameters: [ingrid], time: [0.000223]
2021-07-20 16:37:35.399574	[INFO]	[Platine\Database\Connection]	[pid:0]	Execute Query: [SELECT * FROM `roles` WHERE `id` IN (?)], parameters: [1], time: [0.000282]
2021-07-20 16:37:35.403957	[INFO]	[Platine\Database\Connection]	[pid:0]	Execute Query: [INSERT INTO `roles_users`(`user_id`, `role_id`) VALUES (?, ?)], parameters: [4, 1], time: [0.002876]
2021-07-20 16:37:35.412903	[INFO]	[Platine\Database\Connection]	[pid:0]	Execute Query: [UPDATE `users` SET `username` = ?, `email` = ?, `password` = ?, `status` = ?, `lastname` = ?, `firstname` = ?, `updated_at` = ?, `role` = ? WHERE `id` = ?], parameters: [ingrid, mboutouthecle@gmail.com, $2y$10$0zEAphgnjOJSddG6gI011OmL2ch7cKMWzpoQ2XbQWkHDsZukzH08q, 1, MBOUTOU, Ingrid, 2021-07-20 16::35, Financier, 4], time: [0.000312]
2021-07-20 16:37:35.441079	[INFO]	[Platine\Database\Connection]	[pid:0]	Execute Query: [SELECT * FROM `users` WHERE `id` = ?], parameters: [4], time: [0.000232]
2021-07-20 16:37:35.450323	[INFO]	[Platine\Database\Connection]	[pid:0]	Execute Query: [SELECT `roles`.* FROM `roles_users` INNER JOIN `roles` ON `roles_users`.`role_id` = `roles`.`id` WHERE `roles_users`.`user_id` = ?], parameters: [4], time: [0.000344]
