2021-07-16 05:47:38.858717	[ERROR]	[MAIN]	[pid:0]	Platine Application Error: An error has occurred. Sorry for the temporary inconvenience., Platine\Container\Exception\ContainerException(code:0) Class Platine\Framework\Auth\AuthMiddleware does not exist at D:\wamp\www\platine-php\vendor\platine-php\container\src\ConstructorResolver.php line 69
2021-07-16 05:49:39.160826	[ERROR]	[MAIN]	[pid:0]	Platine Application Error: An error has occurred. Sorry for the temporary inconvenience., Platine\Container\Exception\ContainerException(code:0) Class Platine\Framework\Auth\AuthMiddleware does not exist at D:\wamp\www\platine-php\vendor\platine-php\container\src\ConstructorResolver.php line 69
2021-07-16 05:49:59.219701	[ERROR]	[MAIN]	[pid:0]	Platine Application Error: An error has occurred. Sorry for the temporary inconvenience., Platine\Container\Exception\ContainerException(code:0) Class Platine\Framework\Auth\AuthMiddleware does not exist at D:\wamp\www\platine-php\vendor\platine-php\container\src\ConstructorResolver.php line 69
2021-07-16 05:50:33.970387	[ERROR]	[MAIN]	[pid:0]	Platine Application Error: An error has occurred. Sorry for the temporary inconvenience., Platine\Container\Exception\ContainerException(code:0) Class Platine\Framework\Auth\AuthMiddleware does not exist at D:\wamp\www\platine-php\vendor\platine-php\container\src\ConstructorResolver.php line 69
2021-07-16 05:51:30.511639	[ERROR]	[MAIN]	[pid:0]	404 Not found: The requested resource could not be found. Please verify the URI and try again, Platine\Framework\Http\Exception\HttpNotFoundException(code:404) Not found at D:\wamp\www\platine-php\packages\framework\src\Kernel\HttpKernel.php line 148
2021-07-16 05:51:46.724477	[ERROR]	[MAIN]	[pid:0]	Platine Application Error: An error has occurred. Sorry for the temporary inconvenience., Platine\Container\Exception\ContainerException(code:0) Class Platine\Framework\Auth\AuthMiddleware does not exist at D:\wamp\www\platine-php\vendor\platine-php\container\src\ConstructorResolver.php line 69
2021-07-16 05:53:19.464389	[ERROR]	[MAIN]	[pid:0]	Platine Application Error: An error has occurred. Sorry for the temporary inconvenience., Platine\Container\Exception\ContainerException(code:0) Class Platine\Framework\Auth\AuthMiddleware does not exist at D:\wamp\www\platine-php\vendor\platine-php\container\src\ConstructorResolver.php line 69
2021-07-16 05:53:46.049239	[ERROR]	[MAIN]	[pid:0]	Platine Application Error: An error has occurred. Sorry for the temporary inconvenience., Platine\Container\Exception\ContainerException(code:0) Class Platine\Framework\Auth\AuthMiddleware does not exist at D:\wamp\www\platine-php\vendor\platine-php\container\src\ConstructorResolver.php line 69
2021-07-16 05:55:02.325059	[ERROR]	[MAIN]	[pid:0]	Platine Application Error: An error has occurred. Sorry for the temporary inconvenience., Platine\Container\Exception\ContainerException(code:0) Class Platine\Framework\Auth\AuthMiddleware does not exist at D:\wamp\www\platine-php\vendor\platine-php\container\src\ConstructorResolver.php line 69
2021-07-16 05:55:13.065173	[ERROR]	[MAIN]	[pid:0]	Platine Application Error: An error has occurred. Sorry for the temporary inconvenience., Platine\Container\Exception\ContainerException(code:0) Class Platine\Framework\Auth\AuthMiddleware does not exist at D:\wamp\www\platine-php\vendor\platine-php\container\src\ConstructorResolver.php line 69
2021-07-16 05:55:51.947426	[ERROR]	[MAIN]	[pid:0]	Platine Application Error: An error has occurred. Sorry for the temporary inconvenience., Platine\Container\Exception\ContainerException(code:0) Class Platine\Framework\Auth\AuthMiddleware does not exist at D:\wamp\www\platine-php\vendor\platine-php\container\src\ConstructorResolver.php line 69
2021-07-16 05:56:20.937931	[ERROR]	[MAIN]	[pid:0]	Platine Application Error: An error has occurred. Sorry for the temporary inconvenience., Platine\Container\Exception\ContainerException(code:0) Class Platine\Framework\Auth\AuthMiddleware does not exist at D:\wamp\www\platine-php\vendor\platine-php\container\src\ConstructorResolver.php line 69
2021-07-16 05:56:56.483981	[ERROR]	[MAIN]	[pid:0]	Platine Application Error: An error has occurred. Sorry for the temporary inconvenience., Platine\Container\Exception\ContainerException(code:0) Class Platine\Framework\Auth\AuthMiddleware does not exist at D:\wamp\www\platine-php\vendor\platine-php\container\src\ConstructorResolver.php line 69
2021-07-16 05:57:57.075908	[ERROR]	[MAIN]	[pid:0]	Platine Application Error: An error has occurred. Sorry for the temporary inconvenience., Platine\Container\Exception\ContainerException(code:0) Class Platine\Framework\Auth\AuthMiddleware does not exist at D:\wamp\www\platine-php\vendor\platine-php\container\src\ConstructorResolver.php line 69
2021-07-16 05:58:50.803690	[ERROR]	[MAIN]	[pid:0]	Platine Application Error: An error has occurred. Sorry for the temporary inconvenience., Platine\Container\Exception\ContainerException(code:0) Class Platine\Framework\Auth\AuthMiddleware does not exist at D:\wamp\www\platine-php\vendor\platine-php\container\src\ConstructorResolver.php line 69
2021-07-16 05:59:46.011405	[ERROR]	[MAIN]	[pid:0]	Platine Application Error: An error has occurred. Sorry for the temporary inconvenience., Platine\Container\Exception\ContainerException(code:0) Class Platine\Framework\Auth\AuthMiddleware does not exist at D:\wamp\www\platine-php\vendor\platine-php\container\src\ConstructorResolver.php line 69
2021-07-16 06:00:19.483398	[ERROR]	[MAIN]	[pid:0]	Platine Application Error: An error has occurred. Sorry for the temporary inconvenience., Platine\Container\Exception\ContainerException(code:0) Class Platine\Framework\Auth\AuthMiddleware does not exist at D:\wamp\www\platine-php\vendor\platine-php\container\src\ConstructorResolver.php line 69
2021-07-16 06:00:40.407663	[ERROR]	[MAIN]	[pid:0]	Platine Application Error: An error has occurred. Sorry for the temporary inconvenience., Platine\Container\Exception\ContainerException(code:0) Class Platine\Framework\Auth\AuthMiddleware does not exist at D:\wamp\www\platine-php\vendor\platine-php\container\src\ConstructorResolver.php line 69
2021-07-16 06:02:56.591797	[ERROR]	[MAIN]	[pid:0]	Platine Application Error: An error has occurred. Sorry for the temporary inconvenience., Platine\Container\Exception\ContainerException(code:0) Class Platine\Framework\Auth\AuthMiddleware does not exist at D:\wamp\www\platine-php\vendor\platine-php\container\src\ConstructorResolver.php line 69
2021-07-16 06:03:42.010801	[ERROR]	[MAIN]	[pid:0]	Platine Application Error: An error has occurred. Sorry for the temporary inconvenience., Platine\Container\Exception\ContainerException(code:0) Class Platine\Framework\Auth\AuthMiddleware does not exist at D:\wamp\www\platine-php\vendor\platine-php\container\src\ConstructorResolver.php line 69
2021-07-16 06:03:47.610806	[ERROR]	[MAIN]	[pid:0]	Platine Application Error: An error has occurred. Sorry for the temporary inconvenience., Platine\Container\Exception\ContainerException(code:0) Class Platine\Framework\Auth\AuthMiddleware does not exist at D:\wamp\www\platine-php\vendor\platine-php\container\src\ConstructorResolver.php line 69
2021-07-16 06:04:14.478397	[ERROR]	[MAIN]	[pid:0]	Platine Application Error: An error has occurred. Sorry for the temporary inconvenience., Platine\Container\Exception\ContainerException(code:0) Class Platine\Framework\Auth\AuthMiddleware does not exist at D:\wamp\www\platine-php\vendor\platine-php\container\src\ConstructorResolver.php line 69
2021-07-16 12:04:12.138275	[ERROR]	[MAIN]	[pid:0]	Platine Application Error: An error has occurred. Sorry for the temporary inconvenience., Platine\Container\Exception\ContainerException(code:0) Class Platine\Framework\Auth\AuthMiddleware does not exist at D:\wamp\www\platine-php\vendor\platine-php\container\src\ConstructorResolver.php line 69
2021-07-16 12:13:36.539227	[ERROR]	[MAIN]	[pid:0]	Platine Application Error: An error has occurred. Sorry for the temporary inconvenience., Platine\Container\Exception\ContainerException(code:0) Class Platine\Framework\Auth\AuthMiddleware does not exist at D:\wamp\www\platine-php\vendor\platine-php\container\src\ConstructorResolver.php line 69
2021-07-16 12:27:16.621898	[ERROR]	[MAIN]	[pid:0]	Platine Application Error: An error has occurred. Sorry for the temporary inconvenience., Platine\Container\Exception\ContainerException(code:0) Class Platine\Framework\Auth\AuthMiddleware does not exist at D:\wamp\www\platine-php\vendor\platine-php\container\src\ConstructorResolver.php line 69
2021-07-16 12:28:05.780217	[ERROR]	[MAIN]	[pid:0]	Platine Application Error: An error has occurred. Sorry for the temporary inconvenience., Platine\Container\Exception\ContainerException(code:0) Class Platine\Framework\Auth\AuthMiddleware does not exist at D:\wamp\www\platine-php\vendor\platine-php\container\src\ConstructorResolver.php line 69
2021-07-16 12:28:58.949256	[INFO]	[Platine\Database\Connection]	[pid:0]	Execute Query: [SELECT * FROM `users` WHERE `username` = ?], parameters: [octave_t], time: [0.003652]
2021-07-16 12:29:01.195333	[INFO]	[Platine\Database\Connection]	[pid:0]	Execute Query: [SELECT * FROM `users` WHERE `username` = ?], parameters: [octave_t], time: [0.000725]
2021-07-16 12:29:36.067656	[INFO]	[Platine\Database\Connection]	[pid:0]	Execute Query: [SELECT * FROM `users` WHERE `username` = ?], parameters: [octave_t], time: [0.000802]
2021-07-16 12:29:39.922384	[INFO]	[Platine\Database\Connection]	[pid:0]	Execute Query: [SELECT * FROM `users`], parameters: [], time: [0.000291]
2021-07-16 12:31:29.000940	[INFO]	[Platine\Database\Connection]	[pid:0]	Execute Query: [SELECT * FROM `users`], parameters: [], time: [0.000295]
2021-07-16 12:33:43.016283	[ERROR]	[MAIN]	[pid:0]	Platine Application Error: An error has occurred. Sorry for the temporary inconvenience., ArgumentCountError(code:0) Too few arguments to function Platine\Framework\Auth\Middleware\AuthorizationMiddleware::__construct(), 0 passed in D:\wamp\www\platine-php\vendor\platine-php\request-handler\src\MiddlewareResolver.php on line 207 and exactly 3 expected at D:\wamp\www\platine-php\packages\framework\src\Auth\Middleware\AuthorizationMiddleware.php line 91
2021-07-16 12:34:14.587826	[INFO]	[Platine\Database\Connection]	[pid:0]	Execute Query: [SELECT * FROM `users`], parameters: [], time: [0.000523]
2021-07-16 12:42:05.940544	[INFO]	[Platine\Database\Connection]	[pid:0]	Execute Query: [SELECT * FROM `users`], parameters: [], time: [0.002778]
2021-07-16 12:42:50.929636	[INFO]	[Platine\Database\Connection]	[pid:0]	Execute Query: [SELECT * FROM `users`], parameters: [], time: [0.001533]
2021-07-16 12:46:33.800118	[INFO]	[Platine\Database\Connection]	[pid:0]	Execute Query: [SELECT * FROM `users` WHERE `username` = ?], parameters: [octave_t], time: [0.000494]
2021-07-16 12:46:37.331142	[INFO]	[Platine\Database\Connection]	[pid:0]	Execute Query: [SELECT * FROM `users`], parameters: [], time: [0.000256]
2021-07-16 12:46:43.223060	[INFO]	[Platine\Database\Connection]	[pid:0]	Execute Query: [SELECT * FROM `users` WHERE `user_id` = ?], parameters: [10], time: [0.002889]
2021-07-16 12:46:45.255776	[INFO]	[Platine\Database\Connection]	[pid:0]	Execute Query: [SELECT * FROM `users`], parameters: [], time: [0.000350]
2021-07-16 12:47:20.932878	[INFO]	[Platine\Database\Connection]	[pid:0]	Execute Query: [SELECT * FROM `users`], parameters: [], time: [0.000372]
2021-07-16 12:48:29.051578	[INFO]	[Platine\Database\Connection]	[pid:0]	Execute Query: [SELECT * FROM `users`], parameters: [], time: [0.000264]
2021-07-16 12:48:58.804449	[INFO]	[Platine\Database\Connection]	[pid:0]	Execute Query: [SELECT * FROM `users`], parameters: [], time: [0.000247]
2021-07-16 12:49:47.863436	[INFO]	[Platine\Database\Connection]	[pid:0]	Execute Query: [SELECT * FROM `users`], parameters: [], time: [0.002547]
2021-07-16 12:49:47.882969	[ERROR]	[MAIN]	[pid:0]	Platine Application Error: An error has occurred. Sorry for the temporary inconvenience., Platine\Template\Exception\ParseException(code:0) Unknown template tag [endif] at D:\wamp\www\platine-php\vendor\platine-php\template\src\Parser\AbstractBlock.php line 260
2021-07-16 12:50:00.432935	[INFO]	[Platine\Database\Connection]	[pid:0]	Execute Query: [SELECT * FROM `users`], parameters: [], time: [0.000211]
2021-07-16 12:50:00.445593	[ERROR]	[MAIN]	[pid:0]	Platine Application Error: An error has occurred. Sorry for the temporary inconvenience., Platine\Template\Exception\ParseException(code:0) Unknown template tag [endifNot] at D:\wamp\www\platine-php\vendor\platine-php\template\src\Parser\AbstractBlock.php line 260
2021-07-16 12:52:32.106250	[INFO]	[Platine\Database\Connection]	[pid:0]	Execute Query: [SELECT * FROM `users`], parameters: [], time: [0.001328]
2021-07-16 12:53:08.372135	[INFO]	[Platine\Database\Connection]	[pid:0]	Execute Query: [SELECT * FROM `users` WHERE `user_id` = ?], parameters: [10], time: [0.000283]
2021-07-16 12:53:10.594448	[INFO]	[Platine\Database\Connection]	[pid:0]	Execute Query: [SELECT * FROM `users` WHERE `user_id` = ?], parameters: [10], time: [0.000435]
2021-07-16 12:53:10.599115	[INFO]	[Platine\Database\Connection]	[pid:0]	Execute Query: [SELECT * FROM `users` WHERE `username` = ?], parameters: [octave_t], time: [0.000264]
2021-07-16 12:53:10.695598	[INFO]	[Platine\Database\Connection]	[pid:0]	Execute Query: [UPDATE `users` SET `username` = ?, `fname` = ?, `lname` = ?, `password` = ?, `age` = ? WHERE `user_id` = ?], parameters: [octave_t, Tnh, NGUEREZA, $2y$10$/f6/rh7BgSzmP5ogrXMk7.mv91NKGSjyegKtDQscv4AKxZqg2mfUK, 100, 10], time: [0.002464]
2021-07-16 12:53:10.726227	[INFO]	[Platine\Database\Connection]	[pid:0]	Execute Query: [SELECT * FROM `users`], parameters: [], time: [0.000246]
2021-07-16 12:54:44.571870	[INFO]	[Platine\Database\Connection]	[pid:0]	Execute Query: [SELECT * FROM `users`], parameters: [], time: [0.000584]
2021-07-16 12:54:47.531174	[INFO]	[Platine\Database\Connection]	[pid:0]	Execute Query: [SELECT * FROM `users`], parameters: [], time: [0.000362]
2021-07-16 12:54:49.897698	[INFO]	[Platine\Database\Connection]	[pid:0]	Execute Query: [SELECT * FROM `users` WHERE `user_id` = ?], parameters: [10], time: [0.000264]
2021-07-16 12:54:51.545180	[INFO]	[Platine\Database\Connection]	[pid:0]	Execute Query: [SELECT * FROM `users` WHERE `user_id` = ?], parameters: [10], time: [0.003465]
2021-07-16 12:54:51.548573	[INFO]	[Platine\Database\Connection]	[pid:0]	Execute Query: [SELECT * FROM `users` WHERE `username` = ?], parameters: [octave_t], time: [0.000349]
2021-07-16 12:54:51.644445	[INFO]	[Platine\Database\Connection]	[pid:0]	Execute Query: [UPDATE `users` SET `username` = ?, `fname` = ?, `lname` = ?, `password` = ?, `age` = ? WHERE `user_id` = ?], parameters: [octave_t, Tnh, NGUEREZA, $2y$10$NhcL1RmakuHv/LxYgLpykeQ2FwDCbHXk3aD2D7sBYDZyyGnnmNFDi, 100, 10], time: [0.000388]
2021-07-16 12:54:51.677557	[INFO]	[Platine\Database\Connection]	[pid:0]	Execute Query: [SELECT * FROM `users`], parameters: [], time: [0.000258]
2021-07-16 12:55:24.624202	[INFO]	[Platine\Database\Connection]	[pid:0]	Execute Query: [SELECT * FROM `users`], parameters: [], time: [0.000244]
2021-07-16 12:55:28.765146	[INFO]	[Platine\Database\Connection]	[pid:0]	Execute Query: [SELECT * FROM `users`], parameters: [], time: [0.000221]
2021-07-16 12:55:31.570419	[INFO]	[Platine\Database\Connection]	[pid:0]	Execute Query: [SELECT * FROM `users`], parameters: [], time: [0.000273]
2021-07-16 12:55:57.777382	[INFO]	[Platine\Database\Connection]	[pid:0]	Execute Query: [SELECT * FROM `users`], parameters: [], time: [0.000258]
2021-07-16 12:56:06.744744	[INFO]	[Platine\Database\Connection]	[pid:0]	Execute Query: [SELECT * FROM `users` WHERE `user_id` = ?], parameters: [10], time: [0.000204]
2021-07-16 12:56:08.153330	[INFO]	[Platine\Database\Connection]	[pid:0]	Execute Query: [SELECT * FROM `users` WHERE `user_id` = ?], parameters: [10], time: [0.000266]
2021-07-16 12:56:08.158159	[INFO]	[Platine\Database\Connection]	[pid:0]	Execute Query: [SELECT * FROM `users` WHERE `username` = ?], parameters: [octave_t], time: [0.000235]
2021-07-16 12:56:08.258371	[INFO]	[Platine\Database\Connection]	[pid:0]	Execute Query: [UPDATE `users` SET `username` = ?, `fname` = ?, `lname` = ?, `password` = ?, `age` = ? WHERE `user_id` = ?], parameters: [octave_t, Tnh, NGUEREZA, $2y$10$V7mCts4Zv6gwul4XNd86X.4huf4q8I2FN5Yo72eEV0AdSzcluPEgC, 100, 10], time: [0.000314]
2021-07-16 12:56:08.291857	[INFO]	[Platine\Database\Connection]	[pid:0]	Execute Query: [SELECT * FROM `users`], parameters: [], time: [0.000239]
2021-07-16 12:56:45.820098	[INFO]	[Platine\Database\Connection]	[pid:0]	Execute Query: [SELECT * FROM `users`], parameters: [], time: [0.000445]
2021-07-16 12:56:48.567746	[INFO]	[Platine\Database\Connection]	[pid:0]	Execute Query: [SELECT * FROM `users`], parameters: [], time: [0.000227]
2021-07-16 12:57:38.556565	[INFO]	[Platine\Database\Connection]	[pid:0]	Execute Query: [SELECT * FROM `users`], parameters: [], time: [0.000698]
2021-07-16 12:57:42.104989	[INFO]	[Platine\Database\Connection]	[pid:0]	Execute Query: [SELECT * FROM `users` WHERE `user_id` = ?], parameters: [10], time: [0.000417]
2021-07-16 12:57:43.710919	[INFO]	[Platine\Database\Connection]	[pid:0]	Execute Query: [SELECT * FROM `users` WHERE `user_id` = ?], parameters: [10], time: [0.000224]
2021-07-16 12:57:43.713215	[INFO]	[Platine\Database\Connection]	[pid:0]	Execute Query: [SELECT * FROM `users` WHERE `username` = ?], parameters: [octave_t], time: [0.000238]
2021-07-16 12:57:43.806343	[INFO]	[Platine\Database\Connection]	[pid:0]	Execute Query: [UPDATE `users` SET `username` = ?, `fname` = ?, `lname` = ?, `password` = ?, `age` = ? WHERE `user_id` = ?], parameters: [octave_t, Tnh, NGUEREZA, $2y$10$Rn.qMKXaiFbFlzOE.f54NOcPXfaOSXOmOzsVYaWVRTPCWmvM.O6Nq, 100, 10], time: [0.000424]
2021-07-16 12:57:43.839143	[INFO]	[Platine\Database\Connection]	[pid:0]	Execute Query: [SELECT * FROM `users`], parameters: [], time: [0.000979]
2021-07-16 12:57:46.112365	[INFO]	[Platine\Database\Connection]	[pid:0]	Execute Query: [SELECT * FROM `users`], parameters: [], time: [0.000940]
2021-07-16 13:00:56.466892	[INFO]	[Platine\Database\Connection]	[pid:0]	Execute Query: [SELECT * FROM `users`], parameters: [], time: [0.000277]
2021-07-16 13:01:12.353106	[INFO]	[Platine\Database\Connection]	[pid:0]	Execute Query: [SELECT * FROM `users` WHERE `user_id` = ?], parameters: [107], time: [0.000265]
2021-07-16 13:01:12.355012	[WARNING]	[MAIN]	[pid:0]	Can not find user with id 107
2021-07-16 13:01:12.378261	[INFO]	[Platine\Database\Connection]	[pid:0]	Execute Query: [SELECT * FROM `users`], parameters: [], time: [0.000260]
2021-07-16 13:02:07.506217	[INFO]	[Platine\Database\Connection]	[pid:0]	Execute Query: [SELECT * FROM `users` WHERE `username` = ?], parameters: [octave_ta], time: [0.000272]
2021-07-16 13:02:16.476470	[INFO]	[Platine\Database\Connection]	[pid:0]	Execute Query: [SELECT * FROM `users` WHERE `username` = ?], parameters: [octave_t], time: [0.000380]
2021-07-16 13:08:15.372326	[ERROR]	[MAIN]	[pid:0]	404 Not found: The requested resource could not be found. Please verify the URI and try again, Platine\Framework\Http\Exception\HttpNotFoundException(code:404) Not found at D:\wamp\www\platine-php\packages\framework\src\Kernel\HttpKernel.php line 149
2021-07-16 13:08:24.910300	[INFO]	[Platine\Database\Connection]	[pid:0]	Execute Query: [SELECT * FROM `users` WHERE `username` = ?], parameters: [octave_t], time: [0.000312]
