2021-07-24 19:21:07.437269	[INFO]	[Platine\Database\Connection]	[pid:0]	Execute Query: [SELECT COUNT(DISTINCT `id`) FROM `users` WHERE `status` = ?], parameters: [D], time: [0.000343]
2021-07-24 19:21:07.438903	[INFO]	[Platine\Database\Connection]	[pid:0]	Execute Query: [SELECT * FROM `users` WHERE `status` = ? ORDER BY `lastname`, `firstname` ASC LIMIT ? OFFSET ?], parameters: [D, 10, 0], time: [0.000315]
2021-07-24 19:21:11.548695	[INFO]	[Platine\Database\Connection]	[pid:0]	Execute Query: [SELECT COUNT(DISTINCT `id`) FROM `users` WHERE `status` = ?], parameters: [A], time: [0.000570]
2021-07-24 19:21:11.550874	[INFO]	[Platine\Database\Connection]	[pid:0]	Execute Query: [SELECT * FROM `users` WHERE `status` = ? ORDER BY `lastname`, `firstname` ASC LIMIT ? OFFSET ?], parameters: [A, 10, 0], time: [0.000554]
2021-07-24 19:21:58.539818	[INFO]	[Platine\Database\Connection]	[pid:0]	Execute Query: [SELECT COUNT(DISTINCT `id`) FROM `users` WHERE `status` = ?], parameters: [A], time: [0.000448]
2021-07-24 19:21:58.542826	[INFO]	[Platine\Database\Connection]	[pid:0]	Execute Query: [SELECT * FROM `users` WHERE `status` = ? ORDER BY `lastname`, `firstname` ASC LIMIT ? OFFSET ?], parameters: [A, 10, 0], time: [0.000632]
2021-07-24 19:22:03.802886	[INFO]	[Platine\Database\Connection]	[pid:0]	Execute Query: [SELECT COUNT(DISTINCT `id`) FROM `users`], parameters: [], time: [0.000350]
2021-07-24 19:22:03.804516	[INFO]	[Platine\Database\Connection]	[pid:0]	Execute Query: [SELECT * FROM `users` ORDER BY `lastname`, `firstname` ASC LIMIT ? OFFSET ?], parameters: [10, 0], time: [0.000302]
2021-07-24 19:22:16.951271	[INFO]	[Platine\Database\Connection]	[pid:0]	Execute Query: [SELECT COUNT(DISTINCT `id`) FROM `users` WHERE `status` = ?], parameters: [D], time: [0.000377]
2021-07-24 19:22:16.952931	[INFO]	[Platine\Database\Connection]	[pid:0]	Execute Query: [SELECT * FROM `users` WHERE `status` = ? ORDER BY `lastname`, `firstname` ASC LIMIT ? OFFSET ?], parameters: [D, 10, 0], time: [0.000331]
2021-07-24 19:22:31.036105	[INFO]	[MAIN]	[pid:0]	Enable of users #[6]
2021-07-24 19:22:31.043717	[INFO]	[Platine\Database\Connection]	[pid:0]	Execute Query: [UPDATE `users` SET `status` = ?, `updated_at` = ? WHERE `id` IN (?)], parameters: [A, 2021-07-24 19:22:31, 6], time: [0.003002]
2021-07-24 19:22:31.095034	[INFO]	[Platine\Database\Connection]	[pid:0]	Execute Query: [SELECT COUNT(DISTINCT `id`) FROM `users`], parameters: [], time: [0.000439]
2021-07-24 19:22:31.096907	[INFO]	[Platine\Database\Connection]	[pid:0]	Execute Query: [SELECT * FROM `users` ORDER BY `lastname`, `firstname` ASC LIMIT ? OFFSET ?], parameters: [10, 0], time: [0.000452]
2021-07-24 19:23:01.552813	[INFO]	[Platine\Database\Connection]	[pid:0]	Execute Query: [SELECT COUNT(DISTINCT `id`) FROM `users` WHERE `status` = ?], parameters: [D], time: [0.000374]
2021-07-24 19:23:01.555021	[INFO]	[Platine\Database\Connection]	[pid:0]	Execute Query: [SELECT * FROM `users` WHERE `status` = ? ORDER BY `lastname`, `firstname` ASC LIMIT ? OFFSET ?], parameters: [D, 10, 0], time: [0.000317]
2021-07-24 19:23:06.018969	[INFO]	[Platine\Database\Connection]	[pid:0]	Execute Query: [SELECT COUNT(DISTINCT `id`) FROM `users` WHERE `status` = ?], parameters: [A], time: [0.000363]
2021-07-24 19:23:06.021188	[INFO]	[Platine\Database\Connection]	[pid:0]	Execute Query: [SELECT * FROM `users` WHERE `status` = ? ORDER BY `lastname`, `firstname` ASC LIMIT ? OFFSET ?], parameters: [A, 10, 0], time: [0.000438]
2021-07-24 19:25:48.536502	[INFO]	[Platine\Database\Connection]	[pid:0]	Execute Query: [SELECT COUNT(DISTINCT `id`) FROM `users` WHERE `status` = ?], parameters: [D], time: [0.000386]
2021-07-24 19:25:48.538413	[INFO]	[Platine\Database\Connection]	[pid:0]	Execute Query: [SELECT * FROM `users` WHERE `status` = ? ORDER BY `lastname`, `firstname` ASC LIMIT ? OFFSET ?], parameters: [D, 10, 0], time: [0.000300]
2021-07-24 19:25:52.085414	[INFO]	[Platine\Database\Connection]	[pid:0]	Execute Query: [SELECT COUNT(DISTINCT `id`) FROM `users` WHERE `status` = ?], parameters: [A], time: [0.000515]
2021-07-24 19:25:52.087316	[INFO]	[Platine\Database\Connection]	[pid:0]	Execute Query: [SELECT * FROM `users` WHERE `status` = ? ORDER BY `lastname`, `firstname` ASC LIMIT ? OFFSET ?], parameters: [A, 10, 0], time: [0.000305]
2021-07-24 19:25:55.485928	[INFO]	[Platine\Database\Connection]	[pid:0]	Execute Query: [SELECT COUNT(DISTINCT `id`) FROM `users`], parameters: [], time: [0.000379]
2021-07-24 19:25:55.488119	[INFO]	[Platine\Database\Connection]	[pid:0]	Execute Query: [SELECT * FROM `users` ORDER BY `lastname`, `firstname` ASC LIMIT ? OFFSET ?], parameters: [10, 0], time: [0.000400]
